TN:
SF:src\app\app.component.ts
FN:17,(anonymous_0)
FNF:1
FNH:1
FNDA:3,(anonymous_0)
DA:17,1
DA:18,3
LF:2
LH:2
BRF:0
BRH:0
end_of_record
TN:
SF:src\app\components\detalle-libro\detalle-libro.component.ts
FN:27,(anonymous_0)
FN:33,(anonymous_1)
FN:42,(anonymous_2)
FN:45,(anonymous_3)
FN:49,(anonymous_4)
FN:57,(anonymous_5)
FN:61,(anonymous_6)
FN:66,(anonymous_7)
FN:67,(anonymous_8)
FN:71,(anonymous_9)
FNF:10
FNH:10
FNDA:10,(anonymous_0)
FNDA:10,(anonymous_1)
FNDA:8,(anonymous_2)
FNDA:7,(anonymous_3)
FNDA:1,(anonymous_4)
FNDA:1,(anonymous_5)
FNDA:3,(anonymous_6)
FNDA:1,(anonymous_7)
FNDA:1,(anonymous_8)
FNDA:1,(anonymous_9)
DA:21,1
DA:23,10
DA:24,10
DA:25,10
DA:28,10
DA:29,10
DA:30,10
DA:34,10
DA:35,10
DA:36,2
DA:37,2
DA:39,8
DA:43,8
DA:44,8
DA:46,7
DA:47,7
DA:50,1
DA:51,1
DA:58,1
DA:62,3
DA:63,1
DA:65,2
DA:66,1
DA:67,1
DA:72,1
LF:25
LH:25
BRDA:35,0,0,2
BRDA:35,1,0,10
BRDA:35,1,1,9
BRDA:62,2,0,1
BRF:4
BRH:4
end_of_record
TN:
SF:src\app\components\formulario-libro\formulario-libro.component.ts
FN:44,(anonymous_0)
FN:50,(anonymous_1)
FN:59,(anonymous_2)
FN:62,(anonymous_3)
FN:66,(anonymous_4)
FN:74,(anonymous_5)
FN:87,(anonymous_6)
FN:91,(anonymous_7)
FN:99,(anonymous_8)
FN:103,(anonymous_9)
FN:112,(anonymous_10)
FNF:11
FNH:11
FNDA:10,(anonymous_0)
FNDA:10,(anonymous_1)
FNDA:6,(anonymous_2)
FNDA:5,(anonymous_3)
FNDA:1,(anonymous_4)
FNDA:5,(anonymous_5)
FNDA:1,(anonymous_6)
FNDA:1,(anonymous_7)
FNDA:1,(anonymous_8)
FNDA:1,(anonymous_9)
FNDA:2,(anonymous_10)
DA:26,1
DA:28,10
DA:29,10
DA:32,10
DA:39,10
DA:40,10
DA:41,10
DA:42,10
DA:45,10
DA:46,10
DA:47,10
DA:51,10
DA:52,10
DA:53,5
DA:54,5
DA:55,5
DA:60,6
DA:61,6
DA:63,5
DA:64,5
DA:67,1
DA:68,1
DA:69,1
DA:75,5
DA:76,5
DA:77,1
DA:78,1
DA:79,1
DA:82,4
DA:83,4
DA:85,4
DA:86,2
DA:88,1
DA:89,1
DA:92,1
DA:93,1
DA:94,1
DA:98,2
DA:100,1
DA:101,1
DA:104,1
DA:105,1
DA:106,1
DA:113,2
DA:114,1
DA:116,1
LF:46
LH:46
BRDA:52,0,0,5
BRDA:76,1,0,1
BRDA:85,2,0,2
BRDA:85,2,1,2
BRDA:113,3,0,1
BRDA:113,3,1,1
BRF:6
BRH:6
end_of_record
TN:
SF:src\app\components\lista-libros\lista-libros.component.ts
FN:32,(anonymous_0)
FN:37,(anonymous_1)
FN:41,(anonymous_2)
FN:46,(anonymous_3)
FN:51,(anonymous_4)
FN:55,(anonymous_5)
FN:64,(anonymous_6)
FN:69,(anonymous_7)
FN:74,(anonymous_8)
FN:80,(anonymous_9)
FN:81,(anonymous_10)
FN:84,(anonymous_11)
FN:86,(anonymous_12)
FNF:13
FNH:13
FNDA:9,(anonymous_0)
FNDA:9,(anonymous_1)
FNDA:10,(anonymous_2)
FNDA:10,(anonymous_3)
FNDA:9,(anonymous_4)
FNDA:1,(anonymous_5)
FNDA:1,(anonymous_6)
FNDA:1,(anonymous_7)
FNDA:3,(anonymous_8)
FNDA:1,(anonymous_9)
FNDA:2,(anonymous_10)
FNDA:1,(anonymous_11)
FNDA:1,(anonymous_12)
DA:23,1
DA:25,9
DA:26,9
DA:27,9
DA:28,9
DA:33,9
DA:34,9
DA:38,9
DA:42,10
DA:47,10
DA:48,10
DA:50,10
DA:52,9
DA:53,9
DA:56,1
DA:57,1
DA:58,1
DA:65,1
DA:70,1
DA:75,3
DA:76,1
DA:79,2
DA:81,2
DA:82,1
DA:83,1
DA:84,1
DA:87,1
DA:88,1
LF:28
LH:28
BRDA:75,0,0,1
BRF:1
BRH:1
end_of_record
TN:
SF:src\app\services\libro.service.ts
FN:38,(anonymous_0)
FN:44,(anonymous_1)
FN:54,(anonymous_2)
FN:64,(anonymous_3)
FN:74,(anonymous_4)
FN:84,(anonymous_5)
FN:93,(anonymous_6)
FN:106,(anonymous_7)
FNF:8
FNH:8
FNDA:11,(anonymous_0)
FNDA:2,(anonymous_1)
FNDA:2,(anonymous_2)
FNDA:2,(anonymous_3)
FNDA:2,(anonymous_4)
FNDA:2,(anonymous_5)
FNDA:5,(anonymous_6)
FNDA:5,(anonymous_7)
DA:24,1
DA:35,11
DA:38,11
DA:45,2
DA:55,2
DA:65,2
DA:75,2
DA:85,2
DA:94,5
DA:96,5
DA:97,1
DA:98,4
DA:99,2
DA:100,2
DA:101,1
DA:102,1
DA:103,1
DA:106,5
LF:18
LH:18
BRDA:96,0,0,1
BRDA:96,0,1,4
BRDA:98,1,0,2
BRDA:98,1,1,2
BRDA:100,2,0,1
BRDA:100,2,1,1
BRDA:102,3,0,1
BRF:7
BRH:7
end_of_record
