TN:
SF:src\app\app.component.ts
FN:22,(anonymous_0)
FN:24,(anonymous_1)
FN:25,(anonymous_2)
FNF:3
FNH:3
FNDA:4,(anonymous_0)
FNDA:4,(anonymous_1)
FNDA:7,(anonymous_2)
DA:19,1
DA:20,4
DA:22,4
DA:25,4
DA:26,7
LF:5
LH:5
BRF:0
BRH:0
end_of_record
TN:
SF:src\app\components\admin-productos\admin-productos.component.ts
FN:25,(anonymous_0)
FN:32,(anonymous_1)
FN:37,(anonymous_2)
FN:46,(anonymous_3)
FN:50,(anonymous_4)
FN:62,(anonymous_5)
FN:63,(anonymous_6)
FN:64,(anonymous_7)
FN:65,(anonymous_8)
FN:67,(anonymous_9)
FN:71,(anonymous_10)
FN:78,(anonymous_11)
FN:86,(anonymous_12)
FN:93,(anonymous_13)
FN:110,(anonymous_14)
FN:116,(anonymous_15)
FN:118,(anonymous_16)
FN:121,(anonymous_17)
FNF:18
FNH:18
FNDA:18,(anonymous_0)
FNDA:18,(anonymous_1)
FNDA:18,(anonymous_2)
FNDA:21,(anonymous_3)
FNDA:28,(anonymous_4)
FNDA:1,(anonymous_5)
FNDA:1,(anonymous_6)
FNDA:1,(anonymous_7)
FNDA:1,(anonymous_8)
FNDA:1,(anonymous_9)
FNDA:8,(anonymous_10)
FNDA:2,(anonymous_11)
FNDA:2,(anonymous_12)
FNDA:3,(anonymous_13)
FNDA:3,(anonymous_14)
FNDA:4,(anonymous_15)
FNDA:1,(anonymous_16)
FNDA:73,(anonymous_17)
DA:14,1
DA:15,18
DA:17,18
DA:18,18
DA:19,18
DA:20,18
DA:22,18
DA:23,18
DA:26,18
DA:27,18
DA:28,18
DA:29,18
DA:33,18
DA:34,18
DA:37,18
DA:38,18
DA:39,18
DA:40,0
DA:41,0
DA:47,21
DA:51,28
DA:62,1
DA:63,1
DA:64,1
DA:65,1
DA:68,1
DA:72,8
DA:73,8
DA:74,8
DA:75,8
DA:79,2
DA:80,2
DA:81,2
DA:82,2
DA:83,2
DA:87,2
DA:88,1
DA:89,1
DA:90,1
DA:94,3
DA:95,2
DA:96,2
DA:97,2
DA:99,2
DA:100,1
DA:101,1
DA:103,1
DA:104,1
DA:106,2
DA:107,2
DA:111,3
DA:112,3
DA:113,3
DA:117,4
DA:118,4
DA:122,73
LF:56
LH:54
BRDA:39,0,0,0
BRDA:41,1,0,0
BRDA:52,2,0,28
BRDA:52,2,1,26
BRDA:53,3,0,28
BRDA:53,3,1,26
BRDA:54,4,0,28
BRDA:54,4,1,26
BRDA:55,5,0,28
BRDA:55,5,1,26
BRDA:56,6,0,28
BRDA:56,6,1,26
BRDA:57,7,0,28
BRDA:57,7,1,26
BRDA:58,8,0,28
BRDA:58,8,1,26
BRDA:87,9,0,1
BRDA:94,10,0,1
BRDA:99,11,0,1
BRDA:99,11,1,1
BRDA:99,12,0,2
BRDA:99,12,1,1
BRF:22
BRH:20
end_of_record
TN:
SF:src\app\components\carrito\carrito.component.ts
FN:22,(anonymous_0)
FN:28,(anonymous_1)
FN:29,(anonymous_2)
FN:32,(anonymous_3)
FN:34,(anonymous_4)
FN:36,(anonymous_5)
FN:40,(anonymous_6)
FN:42,(anonymous_7)
FN:51,(anonymous_8)
FN:53,(anonymous_9)
FNF:10
FNH:9
FNDA:10,(anonymous_0)
FNDA:10,(anonymous_1)
FNDA:11,(anonymous_2)
FNDA:11,(anonymous_3)
FNDA:1,(anonymous_4)
FNDA:1,(anonymous_5)
FNDA:1,(anonymous_6)
FNDA:2,(anonymous_7)
FNDA:0,(anonymous_8)
FNDA:1,(anonymous_9)
DA:16,1
DA:17,10
DA:18,10
DA:19,10
DA:23,10
DA:24,10
DA:25,10
DA:29,11
DA:32,11
DA:34,1
DA:37,1
DA:40,1
DA:43,2
DA:44,2
DA:45,2
DA:46,1
DA:47,1
DA:51,0
DA:54,1
LF:19
LH:18
BRDA:45,0,0,1
BRF:1
BRH:1
end_of_record
TN:
SF:src\app\components\catalogo\catalogo.component.ts
FN:23,(anonymous_0)
FN:28,(anonymous_1)
FN:34,(anonymous_2)
FN:38,(anonymous_3)
FN:43,(anonymous_4)
FN:50,(anonymous_5)
FN:52,(anonymous_6)
FN:58,(anonymous_7)
FN:62,(anonymous_8)
FN:66,(anonymous_9)
FN:69,(anonymous_10)
FNF:11
FNH:11
FNDA:15,(anonymous_0)
FNDA:25,(anonymous_1)
FNDA:30,(anonymous_2)
FNDA:3,(anonymous_3)
FNDA:6,(anonymous_4)
FNDA:3,(anonymous_5)
FNDA:2,(anonymous_6)
FNDA:1,(anonymous_7)
FNDA:3,(anonymous_8)
FNDA:1,(anonymous_9)
FNDA:91,(anonymous_10)
DA:14,1
DA:15,15
DA:16,15
DA:17,15
DA:18,15
DA:19,15
DA:20,15
DA:21,15
DA:24,15
DA:25,15
DA:29,25
DA:30,25
DA:31,25
DA:35,30
DA:37,30
DA:38,3
DA:41,30
DA:42,2
DA:43,2
DA:44,6
DA:49,30
DA:50,3
DA:51,29
DA:52,2
DA:55,30
DA:59,1
DA:63,3
DA:64,2
DA:65,2
DA:66,2
DA:70,91
LF:31
LH:31
BRDA:37,0,0,1
BRDA:41,1,0,2
BRDA:44,2,0,6
BRDA:44,2,1,5
BRDA:49,3,0,1
BRDA:49,3,1,29
BRDA:51,4,0,1
BRDA:63,5,0,1
BRF:8
BRH:8
end_of_record
TN:
SF:src\app\components\detalle-producto\detalle-producto.component.ts
FN:25,(anonymous_0)
FN:32,(anonymous_1)
FN:42,(anonymous_2)
FN:48,(anonymous_3)
FN:52,(anonymous_4)
FN:56,(anonymous_5)
FN:59,(anonymous_6)
FN:63,(anonymous_7)
FN:67,(anonymous_8)
FN:72,(anonymous_9)
FNF:10
FNH:6
FNDA:11,(anonymous_0)
FNDA:12,(anonymous_1)
FNDA:2,(anonymous_2)
FNDA:2,(anonymous_3)
FNDA:2,(anonymous_4)
FNDA:0,(anonymous_5)
FNDA:0,(anonymous_6)
FNDA:0,(anonymous_7)
FNDA:0,(anonymous_8)
FNDA:45,(anonymous_9)
DA:19,1
DA:21,11
DA:22,11
DA:23,11
DA:26,11
DA:27,11
DA:28,11
DA:29,11
DA:33,12
DA:34,12
DA:35,12
DA:36,12
DA:38,0
DA:43,2
DA:44,1
DA:49,2
DA:53,2
DA:54,1
DA:55,1
DA:56,1
DA:60,0
DA:64,0
DA:69,0
DA:73,45
LF:24
LH:20
BRDA:36,0,0,0
BRDA:38,1,0,0
BRDA:38,1,1,0
BRDA:43,2,0,1
BRDA:43,3,0,2
BRDA:43,3,1,2
BRDA:49,4,0,1
BRDA:53,5,0,1
BRDA:53,6,0,2
BRDA:53,6,1,2
BRDA:64,7,0,0
BRDA:64,7,1,0
BRF:12
BRH:7
end_of_record
TN:
SF:src\app\components\login\login.component.ts
FN:25,(anonymous_0)
FN:41,(anonymous_1)
FN:42,(anonymous_2)
FN:44,(anonymous_3)
FN:49,(anonymous_4)
FN:60,(anonymous_5)
FNF:6
FNH:6
FNDA:11,(anonymous_0)
FNDA:156,(anonymous_1)
FNDA:156,(anonymous_2)
FNDA:2,(anonymous_3)
FNDA:1,(anonymous_4)
FNDA:2,(anonymous_5)
DA:19,1
DA:21,11
DA:22,11
DA:23,11
DA:26,11
DA:27,11
DA:28,11
DA:31,11
DA:32,0
DA:35,11
DA:41,156
DA:42,156
DA:45,2
DA:46,1
DA:47,1
DA:49,1
DA:50,1
DA:51,1
DA:52,1
DA:53,0
DA:55,1
DA:61,2
LF:22
LH:20
BRDA:31,0,0,0
BRDA:45,1,0,1
BRDA:52,2,0,0
BRDA:52,2,1,1
BRF:4
BRH:2
end_of_record
TN:
SF:src\app\components\mis-pedidos\mis-pedidos.component.ts
FN:19,(anonymous_0)
FN:24,(anonymous_1)
FN:28,(anonymous_2)
FN:30,(anonymous_3)
FN:34,(anonymous_4)
FN:38,(anonymous_5)
FN:42,(anonymous_6)
FNF:7
FNH:7
FNDA:11,(anonymous_0)
FNDA:15,(anonymous_1)
FNDA:15,(anonymous_2)
FNDA:14,(anonymous_3)
FNDA:12,(anonymous_4)
FNDA:133,(anonymous_5)
FNDA:49,(anonymous_6)
DA:15,1
DA:16,11
DA:20,11
DA:21,11
DA:25,15
DA:27,15
DA:30,15
DA:35,12
DA:39,133
DA:43,49
DA:49,49
LF:11
LH:11
BRDA:35,0,0,12
BRDA:49,1,0,49
BRDA:49,1,1,1
BRF:3
BRH:3
end_of_record
TN:
SF:src\app\components\navbar\navbar.component.ts
FN:25,(anonymous_0)
FN:31,(anonymous_1)
FN:33,(anonymous_2)
FN:36,(anonymous_3)
FN:37,(anonymous_4)
FN:42,(anonymous_5)
FN:46,(anonymous_6)
FN:51,(anonymous_7)
FNF:8
FNH:8
FNDA:9,(anonymous_0)
FNDA:9,(anonymous_1)
FNDA:10,(anonymous_2)
FNDA:10,(anonymous_3)
FNDA:1,(anonymous_4)
FNDA:10,(anonymous_5)
FNDA:1,(anonymous_6)
FNDA:56,(anonymous_7)
DA:20,1
DA:21,9
DA:22,9
DA:23,9
DA:26,9
DA:27,9
DA:28,9
DA:32,9
DA:33,10
DA:35,9
DA:37,10
DA:43,10
DA:47,1
DA:48,1
DA:52,56
LF:15
LH:15
BRF:0
BRH:0
end_of_record
TN:
SF:src\app\components\perfil\perfil.component.ts
FN:19,(anonymous_0)
FN:21,(anonymous_1)
FN:32,(anonymous_2)
FN:33,(anonymous_3)
FN:34,(anonymous_4)
FN:35,(anonymous_5)
FN:37,(anonymous_6)
FN:47,(anonymous_7)
FNF:8
FNH:8
FNDA:13,(anonymous_0)
FNDA:13,(anonymous_1)
FNDA:133,(anonymous_2)
FNDA:133,(anonymous_3)
FNDA:81,(anonymous_4)
FNDA:133,(anonymous_5)
FNDA:3,(anonymous_6)
FNDA:1,(anonymous_7)
DA:13,1
DA:16,13
DA:17,13
DA:19,13
DA:22,13
DA:23,13
DA:32,133
DA:33,133
DA:34,81
DA:35,133
DA:38,3
DA:39,2
DA:45,2
DA:46,2
DA:47,2
LF:15
LH:15
BRDA:27,0,0,13
BRDA:27,0,1,0
BRDA:28,1,0,13
BRDA:28,1,1,0
BRDA:38,2,0,1
BRF:5
BRH:3
end_of_record
TN:
SF:src\app\components\recuperar-contrasena\recuperar-contrasena.component.ts
FN:24,(anonymous_0)
FN:38,(anonymous_1)
FN:39,(anonymous_2)
FN:40,(anonymous_3)
FN:41,(anonymous_4)
FN:43,(anonymous_5)
FN:54,(anonymous_6)
FN:63,(anonymous_7)
FNF:8
FNH:8
FNDA:12,(anonymous_0)
FNDA:147,(anonymous_1)
FNDA:3,(anonymous_2)
FNDA:3,(anonymous_3)
FNDA:3,(anonymous_4)
FNDA:4,(anonymous_5)
FNDA:3,(anonymous_6)
FNDA:2,(anonymous_7)
DA:13,1
DA:15,12
DA:16,12
DA:17,12
DA:18,12
DA:19,12
DA:24,12
DA:25,12
DA:28,12
DA:31,12
DA:38,147
DA:39,3
DA:40,3
DA:41,3
DA:44,4
DA:45,2
DA:46,1
DA:48,1
DA:49,1
DA:50,1
DA:51,1
DA:55,3
DA:56,2
DA:57,1
DA:59,1
DA:60,1
DA:64,2
DA:65,2
DA:66,1
DA:68,1
DA:69,1
LF:31
LH:31
BRDA:44,0,0,2
BRDA:45,1,0,1
BRDA:55,2,0,1
BRDA:56,3,0,1
BRDA:64,4,0,0
BRDA:65,5,0,1
BRF:6
BRH:5
end_of_record
TN:
SF:src\app\components\registro\registro.component.ts
FN:14,passwordsIguales
FN:21,passwordSegura
FN:45,(anonymous_2)
FN:61,(anonymous_3)
FN:62,(anonymous_4)
FN:63,(anonymous_5)
FN:64,(anonymous_6)
FN:65,(anonymous_7)
FN:66,(anonymous_8)
FN:67,(anonymous_9)
FN:69,(anonymous_10)
FN:79,(anonymous_11)
FN:87,(anonymous_12)
FN:95,(anonymous_13)
FN:110,(anonymous_14)
FNF:15
FNH:14
FNDA:225,passwordsIguales
FNDA:84,passwordSegura
FNDA:23,(anonymous_2)
FNDA:324,(anonymous_3)
FNDA:324,(anonymous_4)
FNDA:324,(anonymous_5)
FNDA:140,(anonymous_6)
FNDA:324,(anonymous_7)
FNDA:285,(anonymous_8)
FNDA:93,(anonymous_9)
FNDA:7,(anonymous_10)
FNDA:2,(anonymous_11)
FNDA:4,(anonymous_12)
FNDA:2,(anonymous_13)
FNDA:0,(anonymous_14)
DA:15,225
DA:16,225
DA:17,225
DA:22,84
DA:23,84
DA:24,84
DA:25,84
DA:26,84
DA:27,84
DA:28,84
DA:29,84
DA:38,1
DA:40,23
DA:41,23
DA:42,23
DA:43,23
DA:46,23
DA:47,23
DA:48,23
DA:50,23
DA:61,324
DA:62,324
DA:63,324
DA:64,140
DA:65,324
DA:66,285
DA:67,93
DA:70,7
DA:71,7
DA:72,7
DA:73,7
DA:74,7
DA:75,7
DA:76,7
DA:80,2
DA:81,2
DA:82,1
DA:83,1
DA:84,1
DA:88,4
DA:89,4
DA:90,3
DA:91,2
DA:92,1
DA:96,2
DA:97,1
DA:99,1
DA:108,1
DA:109,0
DA:110,0
DA:112,1
LF:51
LH:49
BRDA:17,0,0,210
BRDA:17,0,1,15
BRDA:22,1,0,84
BRDA:22,1,1,69
BRDA:24,2,0,72
BRDA:25,3,0,1
BRDA:26,4,0,72
BRDA:27,5,0,74
BRDA:28,6,0,73
BRDA:29,7,0,78
BRDA:29,7,1,6
BRDA:70,8,0,7
BRDA:70,8,1,0
BRDA:72,9,0,5
BRDA:73,10,0,5
BRDA:74,11,0,4
BRDA:75,12,0,3
BRDA:81,13,0,1
BRDA:82,14,0,0
BRDA:83,15,0,0
BRDA:89,16,0,1
BRDA:90,17,0,1
BRDA:91,18,0,1
BRDA:96,19,0,1
BRDA:108,20,0,0
BRDA:108,20,1,1
BRF:26
BRH:22
end_of_record
TN:
SF:src\app\guards\auth.guard.ts
FN:10,(anonymous_0)
FN:18,(anonymous_1)
FNF:2
FNH:2
FNDA:2,(anonymous_0)
FNDA:2,(anonymous_1)
DA:10,1
DA:11,2
DA:12,2
DA:13,2
DA:14,1
DA:15,1
DA:18,1
DA:19,2
DA:20,2
DA:21,2
DA:22,1
DA:23,1
LF:12
LH:12
BRDA:13,0,0,1
BRDA:21,1,0,1
BRF:2
BRH:2
end_of_record
TN:
SF:src\app\services\auth.service.ts
FN:35,(anonymous_0)
FN:42,(anonymous_1)
FN:46,(anonymous_2)
FN:50,(anonymous_3)
FN:54,(anonymous_4)
FN:59,(anonymous_5)
FN:62,(anonymous_6)
FN:63,(anonymous_7)
FN:72,(anonymous_8)
FN:82,(anonymous_9)
FN:88,(anonymous_10)
FN:89,(anonymous_11)
FN:102,(anonymous_12)
FN:108,(anonymous_13)
FN:112,(anonymous_14)
FN:120,(anonymous_15)
FN:125,(anonymous_16)
FN:126,(anonymous_17)
FN:129,(anonymous_18)
FN:134,(anonymous_19)
FN:137,(anonymous_20)
FN:138,(anonymous_21)
FNF:22
FNH:19
FNDA:29,(anonymous_0)
FNDA:2,(anonymous_1)
FNDA:8,(anonymous_2)
FNDA:5,(anonymous_3)
FNDA:4,(anonymous_4)
FNDA:14,(anonymous_5)
FNDA:0,(anonymous_6)
FNDA:14,(anonymous_7)
FNDA:29,(anonymous_8)
FNDA:3,(anonymous_9)
FNDA:5,(anonymous_10)
FNDA:13,(anonymous_11)
FNDA:0,(anonymous_12)
FNDA:3,(anonymous_13)
FNDA:4,(anonymous_14)
FNDA:0,(anonymous_15)
FNDA:2,(anonymous_16)
FNDA:4,(anonymous_17)
FNDA:3,(anonymous_18)
FNDA:2,(anonymous_19)
FNDA:1,(anonymous_20)
FNDA:1,(anonymous_21)
DA:16,1
DA:18,29
DA:21,29
DA:33,29
DA:35,29
DA:36,29
DA:37,29
DA:38,1
DA:43,2
DA:47,8
DA:51,5
DA:55,4
DA:61,14
DA:62,0
DA:64,14
DA:65,14
DA:66,14
DA:71,14
DA:72,29
DA:74,14
DA:75,12
DA:76,12
DA:77,12
DA:79,2
DA:83,3
DA:84,3
DA:89,13
DA:90,5
DA:92,4
DA:98,4
DA:101,4
DA:102,0
DA:105,4
DA:109,3
DA:110,3
DA:112,4
DA:113,2
DA:114,2
DA:115,2
DA:116,2
DA:119,2
DA:120,0
DA:126,4
DA:130,3
DA:135,2
DA:137,1
DA:138,1
LF:47
LH:44
BRDA:37,0,0,1
BRDA:64,1,0,14
BRDA:72,2,0,29
BRDA:72,2,1,13
BRDA:74,3,0,12
BRDA:90,4,0,1
BRDA:110,5,0,1
BRDA:113,6,0,2
BRDA:137,7,0,1
BRF:9
BRH:9
end_of_record
TN:
SF:src\app\services\producto.service.ts
FN:61,(anonymous_0)
FN:66,(anonymous_1)
FN:68,(anonymous_2)
FN:69,(anonymous_3)
FN:71,(anonymous_4)
FN:81,(anonymous_5)
FN:90,(anonymous_6)
FN:92,(anonymous_7)
FN:93,(anonymous_8)
FN:97,(anonymous_9)
FN:99,(anonymous_10)
FN:100,(anonymous_11)
FN:103,(anonymous_12)
FN:104,(anonymous_13)
FN:108,(anonymous_14)
FN:111,(anonymous_15)
FN:115,(anonymous_16)
FN:116,(anonymous_17)
FN:119,(anonymous_18)
FN:120,(anonymous_19)
FN:124,(anonymous_20)
FN:128,(anonymous_21)
FN:129,(anonymous_22)
FN:133,(anonymous_23)
FN:138,(anonymous_24)
FN:139,(anonymous_25)
FN:141,(anonymous_26)
FN:143,(anonymous_27)
FN:152,(anonymous_28)
FN:153,(anonymous_29)
FN:156,(anonymous_30)
FN:159,(anonymous_31)
FN:165,(anonymous_32)
FN:167,(anonymous_33)
FN:168,(anonymous_34)
FN:171,(anonymous_35)
FN:172,(anonymous_36)
FN:176,(anonymous_37)
FN:190,(anonymous_38)
FN:191,(anonymous_39)
FN:195,(anonymous_40)
FN:196,(anonymous_41)
FN:197,(anonymous_42)
FN:198,(anonymous_43)
FN:203,(anonymous_44)
FN:204,(anonymous_45)
FN:207,(anonymous_46)
FNF:47
FNH:39
FNDA:31,(anonymous_0)
FNDA:31,(anonymous_1)
FNDA:0,(anonymous_2)
FNDA:31,(anonymous_3)
FNDA:0,(anonymous_4)
FNDA:0,(anonymous_5)
FNDA:1,(anonymous_6)
FNDA:1,(anonymous_7)
FNDA:0,(anonymous_8)
FNDA:7,(anonymous_9)
FNDA:17,(anonymous_10)
FNDA:33,(anonymous_11)
FNDA:2,(anonymous_12)
FNDA:14,(anonymous_13)
FNDA:1,(anonymous_14)
FNDA:7,(anonymous_15)
FNDA:0,(anonymous_16)
FNDA:1,(anonymous_17)
FNDA:2,(anonymous_18)
FNDA:8,(anonymous_19)
FNDA:0,(anonymous_20)
FNDA:2,(anonymous_21)
FNDA:8,(anonymous_22)
FNDA:0,(anonymous_23)
FNDA:1,(anonymous_24)
FNDA:12,(anonymous_25)
FNDA:15,(anonymous_26)
FNDA:4,(anonymous_27)
FNDA:2,(anonymous_28)
FNDA:3,(anonymous_29)
FNDA:2,(anonymous_30)
FNDA:1,(anonymous_31)
FNDA:4,(anonymous_32)
FNDA:5,(anonymous_33)
FNDA:5,(anonymous_34)
FNDA:2,(anonymous_35)
FNDA:2,(anonymous_36)
FNDA:4,(anonymous_37)
FNDA:3,(anonymous_38)
FNDA:0,(anonymous_39)
FNDA:2,(anonymous_40)
FNDA:2,(anonymous_41)
FNDA:2,(anonymous_42)
FNDA:5,(anonymous_43)
FNDA:4,(anonymous_44)
FNDA:8,(anonymous_45)
FNDA:1,(anonymous_46)
DA:20,1
DA:23,31
DA:24,31
DA:25,31
DA:28,31
DA:52,31
DA:53,31
DA:61,31
DA:62,31
DA:67,31
DA:68,0
DA:70,31
DA:71,0
DA:82,0
DA:86,0
DA:91,1
DA:92,1
DA:93,0
DA:97,7
DA:100,33
DA:104,14
DA:109,1
DA:111,7
DA:113,1
DA:114,1
DA:115,0
DA:116,1
DA:120,8
DA:121,2
DA:122,1
DA:123,1
DA:124,0
DA:125,1
DA:129,8
DA:130,2
DA:131,1
DA:132,1
DA:133,0
DA:134,1
DA:138,1
DA:139,12
DA:142,15
DA:143,15
DA:144,15
DA:145,1
DA:147,14
DA:149,15
DA:153,3
DA:157,2
DA:158,1
DA:160,1
DA:165,4
DA:168,5
DA:172,2
DA:177,4
DA:178,4
DA:179,3
DA:186,3
DA:187,3
DA:188,3
DA:190,3
DA:191,0
DA:192,3
DA:196,2
DA:197,2
DA:198,5
DA:204,8
DA:207,1
LF:68
LH:59
BRDA:70,0,0,0
BRDA:70,1,0,31
BRDA:70,1,1,31
BRDA:75,2,0,0
BRDA:75,2,1,0
BRDA:86,3,0,0
BRDA:86,3,1,0
BRDA:92,4,0,0
BRDA:116,5,0,1
BRDA:121,6,0,1
BRDA:130,7,0,1
BRDA:141,8,0,0
BRDA:144,9,0,1
BRDA:144,9,1,14
BRDA:157,10,0,1
BRDA:160,11,0,1
BRDA:160,11,1,0
BRDA:178,12,0,1
BRF:18
BRH:10
end_of_record
