TN:
SF:src\app\app.component.ts
FN:22,(anonymous_0)
FN:24,(anonymous_1)
FN:25,(anonymous_2)
FNF:3
FNH:3
FNDA:4,(anonymous_0)
FNDA:4,(anonymous_1)
FNDA:7,(anonymous_2)
DA:19,1
DA:20,4
DA:22,4
DA:25,4
DA:26,7
LF:5
LH:5
BRF:0
BRH:0
end_of_record
TN:
SF:src\app\components\admin-productos\admin-productos.component.ts
FN:25,(anonymous_0)
FN:32,(anonymous_1)
FN:37,(anonymous_2)
FN:46,(anonymous_3)
FN:50,(anonymous_4)
FN:62,(anonymous_5)
FN:63,(anonymous_6)
FN:64,(anonymous_7)
FN:65,(anonymous_8)
FN:67,(anonymous_9)
FN:71,(anonymous_10)
FN:78,(anonymous_11)
FN:86,(anonymous_12)
FN:93,(anonymous_13)
FN:110,(anonymous_14)
FN:116,(anonymous_15)
FN:118,(anonymous_16)
FN:121,(anonymous_17)
FNF:18
FNH:18
FNDA:18,(anonymous_0)
FNDA:18,(anonymous_1)
FNDA:18,(anonymous_2)
FNDA:21,(anonymous_3)
FNDA:28,(anonymous_4)
FNDA:1,(anonymous_5)
FNDA:1,(anonymous_6)
FNDA:1,(anonymous_7)
FNDA:1,(anonymous_8)
FNDA:1,(anonymous_9)
FNDA:8,(anonymous_10)
FNDA:2,(anonymous_11)
FNDA:2,(anonymous_12)
FNDA:3,(anonymous_13)
FNDA:3,(anonymous_14)
FNDA:4,(anonymous_15)
FNDA:4,(anonymous_16)
FNDA:73,(anonymous_17)
DA:14,1
DA:15,18
DA:17,18
DA:18,18
DA:19,18
DA:20,18
DA:22,18
DA:23,18
DA:26,18
DA:27,18
DA:28,18
DA:29,18
DA:33,18
DA:34,18
DA:37,18
DA:38,18
DA:39,18
DA:40,0
DA:41,0
DA:47,21
DA:51,28
DA:62,1
DA:63,1
DA:64,1
DA:65,1
DA:68,1
DA:72,8
DA:73,8
DA:74,8
DA:75,8
DA:79,2
DA:80,2
DA:81,2
DA:82,2
DA:83,2
DA:87,2
DA:88,1
DA:89,1
DA:90,1
DA:94,3
DA:95,2
DA:96,2
DA:97,2
DA:99,2
DA:100,1
DA:101,1
DA:103,1
DA:104,1
DA:106,2
DA:107,2
DA:111,3
DA:112,3
DA:113,3
DA:117,4
DA:118,4
DA:122,73
LF:56
LH:54
BRDA:39,0,0,0
BRDA:41,1,0,0
BRDA:52,2,0,28
BRDA:52,2,1,26
BRDA:53,3,0,28
BRDA:53,3,1,26
BRDA:54,4,0,28
BRDA:54,4,1,26
BRDA:55,5,0,28
BRDA:55,5,1,26
BRDA:56,6,0,28
BRDA:56,6,1,26
BRDA:57,7,0,28
BRDA:57,7,1,26
BRDA:58,8,0,28
BRDA:58,8,1,26
BRDA:87,9,0,1
BRDA:94,10,0,1
BRDA:99,11,0,1
BRDA:99,11,1,1
BRDA:99,12,0,2
BRDA:99,12,1,1
BRF:22
BRH:20
end_of_record
TN:
SF:src\app\components\carrito\carrito.component.ts
FN:22,(anonymous_0)
FN:28,(anonymous_1)
FN:29,(anonymous_2)
FN:32,(anonymous_3)
FN:34,(anonymous_4)
FN:36,(anonymous_5)
FN:40,(anonymous_6)
FN:42,(anonymous_7)
FN:51,(anonymous_8)
FN:53,(anonymous_9)
FNF:10
FNH:9
FNDA:10,(anonymous_0)
FNDA:10,(anonymous_1)
FNDA:11,(anonymous_2)
FNDA:11,(anonymous_3)
FNDA:1,(anonymous_4)
FNDA:1,(anonymous_5)
FNDA:1,(anonymous_6)
FNDA:2,(anonymous_7)
FNDA:0,(anonymous_8)
FNDA:1,(anonymous_9)
DA:16,1
DA:17,10
DA:18,10
DA:19,10
DA:23,10
DA:24,10
DA:25,10
DA:29,11
DA:32,11
DA:34,1
DA:37,1
DA:40,1
DA:43,2
DA:44,2
DA:45,2
DA:46,1
DA:47,1
DA:51,0
DA:54,1
LF:19
LH:18
BRDA:45,0,0,1
BRF:1
BRH:1
end_of_record
TN:
SF:src\app\components\catalogo\catalogo.component.ts
FN:23,(anonymous_0)
FN:28,(anonymous_1)
FN:34,(anonymous_2)
FN:38,(anonymous_3)
FN:43,(anonymous_4)
FN:50,(anonymous_5)
FN:52,(anonymous_6)
FN:58,(anonymous_7)
FN:62,(anonymous_8)
FN:66,(anonymous_9)
FN:69,(anonymous_10)
FNF:11
FNH:11
FNDA:15,(anonymous_0)
FNDA:25,(anonymous_1)
FNDA:30,(anonymous_2)
FNDA:3,(anonymous_3)
FNDA:6,(anonymous_4)
FNDA:3,(anonymous_5)
FNDA:2,(anonymous_6)
FNDA:1,(anonymous_7)
FNDA:3,(anonymous_8)
FNDA:2,(anonymous_9)
FNDA:91,(anonymous_10)
DA:14,1
DA:15,15
DA:16,15
DA:17,15
DA:18,15
DA:19,15
DA:20,15
DA:21,15
DA:24,15
DA:25,15
DA:29,25
DA:30,25
DA:31,25
DA:35,30
DA:37,30
DA:38,3
DA:41,30
DA:42,2
DA:43,2
DA:44,6
DA:49,30
DA:50,3
DA:51,29
DA:52,2
DA:55,30
DA:59,1
DA:63,3
DA:64,2
DA:65,2
DA:66,2
DA:70,91
LF:31
LH:31
BRDA:37,0,0,1
BRDA:41,1,0,2
BRDA:44,2,0,6
BRDA:44,2,1,5
BRDA:49,3,0,1
BRDA:49,3,1,29
BRDA:51,4,0,1
BRDA:63,5,0,1
BRF:8
BRH:8
end_of_record
TN:
SF:src\app\components\detalle-producto\detalle-producto.component.ts
FN:25,(anonymous_0)
FN:32,(anonymous_1)
FN:42,(anonymous_2)
FN:48,(anonymous_3)
FN:52,(anonymous_4)
FN:56,(anonymous_5)
FN:59,(anonymous_6)
FN:63,(anonymous_7)
FN:67,(anonymous_8)
FN:72,(anonymous_9)
FNF:10
FNH:7
FNDA:11,(anonymous_0)
FNDA:12,(anonymous_1)
FNDA:2,(anonymous_2)
FNDA:2,(anonymous_3)
FNDA:2,(anonymous_4)
FNDA:1,(anonymous_5)
FNDA:0,(anonymous_6)
FNDA:0,(anonymous_7)
FNDA:0,(anonymous_8)
FNDA:45,(anonymous_9)
DA:19,1
DA:21,11
DA:22,11
DA:23,11
DA:26,11
DA:27,11
DA:28,11
DA:29,11
DA:33,12
DA:34,12
DA:35,12
DA:36,12
DA:38,0
DA:43,2
DA:44,1
DA:49,2
DA:53,2
DA:54,1
DA:55,1
DA:56,1
DA:60,0
DA:64,0
DA:69,0
DA:73,45
LF:24
LH:20
BRDA:36,0,0,0
BRDA:38,1,0,0
BRDA:38,1,1,0
BRDA:43,2,0,1
BRDA:43,3,0,2
BRDA:43,3,1,2
BRDA:49,4,0,1
BRDA:53,5,0,1
BRDA:53,6,0,2
BRDA:53,6,1,2
BRDA:64,7,0,0
BRDA:64,7,1,0
BRF:12
BRH:7
end_of_record
TN:
SF:src\app\components\login\login.component.ts
FN:25,(anonymous_0)
FN:41,(anonymous_1)
FN:42,(anonymous_2)
FN:44,(anonymous_3)
FN:49,(anonymous_4)
FN:60,(anonymous_5)
FNF:6
FNH:6
FNDA:11,(anonymous_0)
FNDA:156,(anonymous_1)
FNDA:156,(anonymous_2)
FNDA:2,(anonymous_3)
FNDA:1,(anonymous_4)
FNDA:2,(anonymous_5)
DA:19,1
DA:21,11
DA:22,11
DA:23,11
DA:26,11
DA:27,11
DA:28,11
DA:31,11
DA:32,0
DA:35,11
DA:41,156
DA:42,156
DA:45,2
DA:46,1
DA:47,1
DA:49,1
DA:50,1
DA:51,1
DA:52,1
DA:53,0
DA:55,1
DA:61,2
LF:22
LH:20
BRDA:31,0,0,0
BRDA:45,1,0,1
BRDA:52,2,0,0
BRDA:52,2,1,1
BRF:4
BRH:2
end_of_record
TN:
SF:src\app\components\mis-pedidos\mis-pedidos.component.ts
FN:19,(anonymous_0)
FN:24,(anonymous_1)
FN:28,(anonymous_2)
FN:30,(anonymous_3)
FN:34,(anonymous_4)
FN:38,(anonymous_5)
FN:42,(anonymous_6)
FNF:7
FNH:7
FNDA:11,(anonymous_0)
FNDA:15,(anonymous_1)
FNDA:15,(anonymous_2)
FNDA:14,(anonymous_3)
FNDA:12,(anonymous_4)
FNDA:133,(anonymous_5)
FNDA:49,(anonymous_6)
DA:15,1
DA:16,11
DA:20,11
DA:21,11
DA:25,15
DA:27,15
DA:30,15
DA:35,12
DA:39,133
DA:43,49
DA:49,49
LF:11
LH:11
BRDA:35,0,0,12
BRDA:49,1,0,49
BRDA:49,1,1,1
BRF:3
BRH:3
end_of_record
TN:
SF:src\app\components\navbar\navbar.component.ts
FN:25,(anonymous_0)
FN:31,(anonymous_1)
FN:33,(anonymous_2)
FN:36,(anonymous_3)
FN:37,(anonymous_4)
FN:42,(anonymous_5)
FN:46,(anonymous_6)
FN:51,(anonymous_7)
FNF:8
FNH:8
FNDA:9,(anonymous_0)
FNDA:9,(anonymous_1)
FNDA:10,(anonymous_2)
FNDA:10,(anonymous_3)
FNDA:1,(anonymous_4)
FNDA:10,(anonymous_5)
FNDA:1,(anonymous_6)
FNDA:56,(anonymous_7)
DA:20,1
DA:21,9
DA:22,9
DA:23,9
DA:26,9
DA:27,9
DA:28,9
DA:32,9
DA:33,10
DA:35,9
DA:37,10
DA:43,10
DA:47,1
DA:48,1
DA:52,56
LF:15
LH:15
BRF:0
BRH:0
end_of_record
TN:
SF:src\app\components\perfil\perfil.component.ts
FN:19,(anonymous_0)
FN:21,(anonymous_1)
FN:32,(anonymous_2)
FN:33,(anonymous_3)
FN:34,(anonymous_4)
FN:35,(anonymous_5)
FN:37,(anonymous_6)
FN:47,(anonymous_7)
FNF:8
FNH:8
FNDA:13,(anonymous_0)
FNDA:13,(anonymous_1)
FNDA:133,(anonymous_2)
FNDA:133,(anonymous_3)
FNDA:81,(anonymous_4)
FNDA:133,(anonymous_5)
FNDA:3,(anonymous_6)
FNDA:2,(anonymous_7)
DA:13,1
DA:16,13
DA:17,13
DA:19,13
DA:22,13
DA:23,13
DA:32,133
DA:33,133
DA:34,81
DA:35,133
DA:38,3
DA:39,2
DA:45,2
DA:46,2
DA:47,2
LF:15
LH:15
BRDA:27,0,0,13
BRDA:27,0,1,0
BRDA:28,1,0,13
BRDA:28,1,1,0
BRDA:38,2,0,1
BRF:5
BRH:3
end_of_record
TN:
SF:src\app\components\recuperar-contrasena\recuperar-contrasena.component.ts
FN:24,(anonymous_0)
FN:38,(anonymous_1)
FN:39,(anonymous_2)
FN:40,(anonymous_3)
FN:41,(anonymous_4)
FN:43,(anonymous_5)
FN:54,(anonymous_6)
FN:63,(anonymous_7)
FNF:8
FNH:8
FNDA:12,(anonymous_0)
FNDA:147,(anonymous_1)
FNDA:3,(anonymous_2)
FNDA:3,(anonymous_3)
FNDA:3,(anonymous_4)
FNDA:4,(anonymous_5)
FNDA:3,(anonymous_6)
FNDA:2,(anonymous_7)
DA:13,1
DA:15,12
DA:16,12
DA:17,12
DA:18,12
DA:19,12
DA:24,12
DA:25,12
DA:28,12
DA:31,12
DA:38,147
DA:39,3
DA:40,3
DA:41,3
DA:44,4
DA:45,2
DA:46,1
DA:48,1
DA:49,1
DA:50,1
DA:51,1
DA:55,3
DA:56,2
DA:57,1
DA:59,1
DA:60,1
DA:64,2
DA:65,2
DA:66,1
DA:68,1
DA:69,1
LF:31
LH:31
BRDA:44,0,0,2
BRDA:45,1,0,1
BRDA:55,2,0,1
BRDA:56,3,0,1
BRDA:64,4,0,0
BRDA:65,5,0,1
BRF:6
BRH:5
end_of_record
TN:
SF:src\app\components\registro\registro.component.ts
FN:14,passwordsIguales
FN:21,passwordSegura
FN:45,(anonymous_2)
FN:61,(anonymous_3)
FN:62,(anonymous_4)
FN:63,(anonymous_5)
FN:64,(anonymous_6)
FN:65,(anonymous_7)
FN:66,(anonymous_8)
FN:67,(anonymous_9)
FN:69,(anonymous_10)
FN:79,(anonymous_11)
FN:87,(anonymous_12)
FN:95,(anonymous_13)
FN:110,(anonymous_14)
FNF:15
FNH:14
FNDA:225,passwordsIguales
FNDA:84,passwordSegura
FNDA:23,(anonymous_2)
FNDA:324,(anonymous_3)
FNDA:324,(anonymous_4)
FNDA:324,(anonymous_5)
FNDA:140,(anonymous_6)
FNDA:324,(anonymous_7)
FNDA:285,(anonymous_8)
FNDA:93,(anonymous_9)
FNDA:7,(anonymous_10)
FNDA:2,(anonymous_11)
FNDA:4,(anonymous_12)
FNDA:2,(anonymous_13)
FNDA:0,(anonymous_14)
DA:15,225
DA:16,225
DA:17,225
DA:22,84
DA:23,84
DA:24,84
DA:25,84
DA:26,84
DA:27,84
DA:28,84
DA:29,84
DA:38,1
DA:40,23
DA:41,23
DA:42,23
DA:43,23
DA:46,23
DA:47,23
DA:48,23
DA:50,23
DA:61,324
DA:62,324
DA:63,324
DA:64,140
DA:65,324
DA:66,285
DA:67,93
DA:70,7
DA:71,7
DA:72,7
DA:73,7
DA:74,7
DA:75,7
DA:76,7
DA:80,2
DA:81,2
DA:82,1
DA:83,1
DA:84,1
DA:88,4
DA:89,4
DA:90,3
DA:91,2
DA:92,1
DA:96,2
DA:97,1
DA:99,1
DA:108,1
DA:109,0
DA:110,0
DA:112,1
LF:51
LH:49
BRDA:17,0,0,210
BRDA:17,0,1,15
BRDA:22,1,0,84
BRDA:22,1,1,69
BRDA:24,2,0,72
BRDA:25,3,0,1
BRDA:26,4,0,72
BRDA:27,5,0,74
BRDA:28,6,0,73
BRDA:29,7,0,78
BRDA:29,7,1,6
BRDA:70,8,0,7
BRDA:70,8,1,0
BRDA:72,9,0,5
BRDA:73,10,0,5
BRDA:74,11,0,4
BRDA:75,12,0,3
BRDA:81,13,0,1
BRDA:82,14,0,0
BRDA:83,15,0,0
BRDA:89,16,0,1
BRDA:90,17,0,1
BRDA:91,18,0,1
BRDA:96,19,0,1
BRDA:108,20,0,0
BRDA:108,20,1,1
BRF:26
BRH:22
end_of_record
TN:
SF:src\app\guards\auth.guard.ts
FN:10,(anonymous_0)
FN:18,(anonymous_1)
FNF:2
FNH:2
FNDA:2,(anonymous_0)
FNDA:2,(anonymous_1)
DA:10,1
DA:11,2
DA:12,2
DA:13,2
DA:14,1
DA:15,1
DA:18,1
DA:19,2
DA:20,2
DA:21,2
DA:22,1
DA:23,1
LF:12
LH:12
BRDA:13,0,0,1
BRDA:21,1,0,1
BRF:2
BRH:2
end_of_record
TN:
SF:src\app\services\api-config.ts
FNF:0
FNH:0
DA:14,1
DA:15,1
DA:16,1
DA:19,1
LF:4
LH:4
BRF:0
BRH:0
end_of_record
TN:
SF:src\app\services\auth.service.ts
FN:34,(anonymous_0)
FN:41,(anonymous_1)
FN:45,(anonymous_2)
FN:49,(anonymous_3)
FN:53,(anonymous_4)
FN:58,(anonymous_5)
FN:61,(anonymous_6)
FN:62,(anonymous_7)
FN:71,(anonymous_8)
FN:81,(anonymous_9)
FN:87,(anonymous_10)
FN:88,(anonymous_11)
FN:101,(anonymous_12)
FN:107,(anonymous_13)
FN:111,(anonymous_14)
FN:119,(anonymous_15)
FN:124,(anonymous_16)
FN:125,(anonymous_17)
FN:128,(anonymous_18)
FN:133,(anonymous_19)
FN:136,(anonymous_20)
FN:137,(anonymous_21)
FNF:22
FNH:19
FNDA:29,(anonymous_0)
FNDA:2,(anonymous_1)
FNDA:8,(anonymous_2)
FNDA:5,(anonymous_3)
FNDA:4,(anonymous_4)
FNDA:14,(anonymous_5)
FNDA:0,(anonymous_6)
FNDA:14,(anonymous_7)
FNDA:29,(anonymous_8)
FNDA:3,(anonymous_9)
FNDA:5,(anonymous_10)
FNDA:13,(anonymous_11)
FNDA:0,(anonymous_12)
FNDA:3,(anonymous_13)
FNDA:4,(anonymous_14)
FNDA:0,(anonymous_15)
FNDA:2,(anonymous_16)
FNDA:4,(anonymous_17)
FNDA:3,(anonymous_18)
FNDA:2,(anonymous_19)
FNDA:1,(anonymous_20)
FNDA:1,(anonymous_21)
DA:17,1
DA:20,29
DA:32,29
DA:34,29
DA:35,29
DA:36,29
DA:37,1
DA:42,2
DA:46,8
DA:50,5
DA:54,4
DA:60,14
DA:61,0
DA:63,14
DA:64,14
DA:65,14
DA:70,14
DA:71,29
DA:73,14
DA:74,12
DA:75,12
DA:76,12
DA:78,2
DA:82,3
DA:83,3
DA:88,13
DA:89,5
DA:91,4
DA:97,4
DA:100,4
DA:101,0
DA:104,4
DA:108,3
DA:109,3
DA:111,4
DA:112,2
DA:113,2
DA:114,2
DA:115,2
DA:118,2
DA:119,0
DA:125,4
DA:129,3
DA:134,2
DA:136,1
DA:137,1
LF:46
LH:43
BRDA:36,0,0,1
BRDA:63,1,0,14
BRDA:71,2,0,29
BRDA:71,2,1,13
BRDA:73,3,0,12
BRDA:89,4,0,1
BRDA:109,5,0,1
BRDA:112,6,0,2
BRDA:136,7,0,1
BRF:9
BRH:9
end_of_record
TN:
SF:src\app\services\producto.service.ts
FN:57,(anonymous_0)
FN:62,(anonymous_1)
FN:64,(anonymous_2)
FN:65,(anonymous_3)
FN:67,(anonymous_4)
FN:77,(anonymous_5)
FN:86,(anonymous_6)
FN:88,(anonymous_7)
FN:90,(anonymous_8)
FN:97,(anonymous_9)
FN:101,(anonymous_10)
FN:103,(anonymous_11)
FN:104,(anonymous_12)
FN:107,(anonymous_13)
FN:108,(anonymous_14)
FN:112,(anonymous_15)
FN:115,(anonymous_16)
FN:119,(anonymous_17)
FN:120,(anonymous_18)
FN:123,(anonymous_19)
FN:124,(anonymous_20)
FN:128,(anonymous_21)
FN:132,(anonymous_22)
FN:133,(anonymous_23)
FN:137,(anonymous_24)
FN:142,(anonymous_25)
FN:143,(anonymous_26)
FN:145,(anonymous_27)
FN:147,(anonymous_28)
FN:156,(anonymous_29)
FN:157,(anonymous_30)
FN:160,(anonymous_31)
FN:163,(anonymous_32)
FN:169,(anonymous_33)
FN:171,(anonymous_34)
FN:172,(anonymous_35)
FN:175,(anonymous_36)
FN:176,(anonymous_37)
FN:180,(anonymous_38)
FN:198,(anonymous_39)
FN:203,(anonymous_40)
FN:208,(anonymous_41)
FN:209,(anonymous_42)
FN:210,(anonymous_43)
FN:211,(anonymous_44)
FN:216,(anonymous_45)
FN:217,(anonymous_46)
FN:220,(anonymous_47)
FNF:48
FNH:39
FNDA:31,(anonymous_0)
FNDA:31,(anonymous_1)
FNDA:0,(anonymous_2)
FNDA:31,(anonymous_3)
FNDA:0,(anonymous_4)
FNDA:0,(anonymous_5)
FNDA:1,(anonymous_6)
FNDA:1,(anonymous_7)
FNDA:0,(anonymous_8)
FNDA:0,(anonymous_9)
FNDA:7,(anonymous_10)
FNDA:17,(anonymous_11)
FNDA:33,(anonymous_12)
FNDA:2,(anonymous_13)
FNDA:14,(anonymous_14)
FNDA:1,(anonymous_15)
FNDA:7,(anonymous_16)
FNDA:0,(anonymous_17)
FNDA:1,(anonymous_18)
FNDA:2,(anonymous_19)
FNDA:8,(anonymous_20)
FNDA:0,(anonymous_21)
FNDA:2,(anonymous_22)
FNDA:8,(anonymous_23)
FNDA:0,(anonymous_24)
FNDA:1,(anonymous_25)
FNDA:12,(anonymous_26)
FNDA:15,(anonymous_27)
FNDA:4,(anonymous_28)
FNDA:2,(anonymous_29)
FNDA:3,(anonymous_30)
FNDA:2,(anonymous_31)
FNDA:1,(anonymous_32)
FNDA:4,(anonymous_33)
FNDA:5,(anonymous_34)
FNDA:5,(anonymous_35)
FNDA:2,(anonymous_36)
FNDA:2,(anonymous_37)
FNDA:4,(anonymous_38)
FNDA:3,(anonymous_39)
FNDA:0,(anonymous_40)
FNDA:2,(anonymous_41)
FNDA:2,(anonymous_42)
FNDA:2,(anonymous_43)
FNDA:5,(anonymous_44)
FNDA:4,(anonymous_45)
FNDA:8,(anonymous_46)
FNDA:1,(anonymous_47)
DA:21,1
DA:24,31
DA:48,31
DA:49,31
DA:57,31
DA:58,31
DA:63,31
DA:64,0
DA:66,31
DA:67,0
DA:78,0
DA:82,0
DA:87,1
DA:89,1
DA:90,0
DA:97,0
DA:101,7
DA:104,33
DA:108,14
DA:113,1
DA:115,7
DA:117,1
DA:118,1
DA:119,0
DA:120,1
DA:124,8
DA:125,2
DA:126,1
DA:127,1
DA:128,0
DA:129,1
DA:133,8
DA:134,2
DA:135,1
DA:136,1
DA:137,0
DA:138,1
DA:142,1
DA:143,12
DA:146,15
DA:147,15
DA:148,15
DA:149,1
DA:151,14
DA:153,15
DA:157,3
DA:161,2
DA:162,1
DA:164,1
DA:169,4
DA:172,5
DA:176,2
DA:181,4
DA:182,4
DA:183,3
DA:190,3
DA:191,3
DA:194,3
DA:198,3
DA:203,0
DA:205,3
DA:209,2
DA:210,2
DA:211,5
DA:217,8
DA:220,1
LF:66
LH:56
BRDA:66,0,0,0
BRDA:66,1,0,31
BRDA:66,1,1,31
BRDA:71,2,0,0
BRDA:71,2,1,0
BRDA:71,2,2,0
BRDA:82,3,0,0
BRDA:82,3,1,0
BRDA:89,4,0,0
BRDA:93,5,0,0
BRDA:93,5,1,0
BRDA:93,5,2,0
BRDA:120,6,0,1
BRDA:125,7,0,1
BRDA:134,8,0,1
BRDA:145,9,0,0
BRDA:148,10,0,1
BRDA:148,10,1,14
BRDA:161,11,0,1
BRDA:164,12,0,1
BRDA:164,12,1,0
BRDA:182,13,0,1
BRF:22
BRH:10
end_of_record
